<?xml version="1.0" encoding="UTF-8"?>
<testsuite name="com.example.WebApp.WebAppApplicationTests" tests="2" skipped="0" failures="1" errors="0" timestamp="2025-10-22T14:07:50.403Z" hostname="TADS" time="0.556">
  <properties/>
  <testcase name="shouldReturnDefaultMessage()" classname="com.example.WebApp.WebAppApplicationTests" time="0.54"/>
  <testcase name="shouldReturnDefaultMessage2()" classname="com.example.WebApp.WebAppApplicationTests" time="0.014">
    <failure message="java.lang.AssertionError: Response content&#13;&#10;Expected: a string containing &quot;Hello, João Pedro&quot;&#13;&#10;     but: was &quot;Hello, João Pedr!&quot;" type="java.lang.AssertionError">java.lang.AssertionError: Response content
Expected: a string containing &quot;Hello, João Pedro&quot;
     but: was &quot;Hello, João Pedr!&quot;
	at org.hamcrest.MatcherAssert.assertThat(MatcherAssert.java:20)
	at org.springframework.test.web.servlet.result.ContentResultMatchers.lambda$string$3(ContentResultMatchers.java:141)
	at org.springframework.test.web.servlet.MockMvc$1.andExpect(MockMvc.java:214)
	at com.example.WebApp.WebAppApplicationTests.shouldReturnDefaultMessage2(WebAppApplicationTests.java:34)
	at java.base/java.lang.reflect.Method.invoke(Method.java:565)
	at java.base/java.util.ArrayList.forEach(ArrayList.java:1604)
	at java.base/java.util.ArrayList.forEach(ArrayList.java:1604)
</failure>
  </testcase>
  <system-out><![CDATA[11:07:48.909 [Test worker] INFO org.springframework.test.context.support.AnnotationConfigContextLoaderUtils -- Could not detect default configuration classes for test class [com.example.WebApp.WebAppApplicationTests]: WebAppApplicationTests does not declare any static, non-private, non-final, nested classes annotated with @Configuration.
11:07:49.003 [Test worker] INFO org.springframework.boot.test.context.SpringBootTestContextBootstrapper -- Found @SpringBootConfiguration com.example.WebApp.WebAppApplication for test class com.example.WebApp.WebAppApplicationTests

  .   ____          _            __ _ _
 /\\ / ___'_ __ _ _(_)_ __  __ _ \ \ \ \
( ( )\___ | '_ | '_| | '_ \/ _` | \ \ \ \
 \\/  ___)| |_)| | | | | || (_| |  ) ) ) )
  '  |____| .__|_| |_|_| |_\__, | / / / /
 =========|_|==============|___/=/_/_/_/

 :: Spring Boot ::                (v3.5.6)

2025-10-22T11:07:49.404-03:00  INFO 12888 --- [WebApp] [    Test worker] c.example.WebApp.WebAppApplicationTests  : Starting WebAppApplicationTests using Java 24.0.2 with PID 12888 (started by ALUNO in C:\Users\ALUNO\Downloads\WebApp)
2025-10-22T11:07:49.406-03:00  INFO 12888 --- [WebApp] [    Test worker] c.example.WebApp.WebAppApplicationTests  : No active profile set, falling back to 1 default profile: "default"
2025-10-22T11:07:50.352-03:00  INFO 12888 --- [WebApp] [    Test worker] o.s.b.t.m.w.SpringBootMockServletContext : Initializing Spring TestDispatcherServlet ''
2025-10-22T11:07:50.352-03:00  INFO 12888 --- [WebApp] [    Test worker] o.s.t.web.servlet.TestDispatcherServlet  : Initializing Servlet ''
2025-10-22T11:07:50.354-03:00  INFO 12888 --- [WebApp] [    Test worker] o.s.t.web.servlet.TestDispatcherServlet  : Completed initialization in 1 ms
2025-10-22T11:07:50.390-03:00  INFO 12888 --- [WebApp] [    Test worker] c.example.WebApp.WebAppApplicationTests  : Started WebAppApplicationTests in 1.245 seconds (process running for 2.244)

MockHttpServletRequest:
      HTTP Method = GET
      Request URI = /
       Parameters = {}
          Headers = []
             Body = null
    Session Attrs = {}

Handler:
             Type = com.example.WebApp.HomeController
           Method = com.example.WebApp.HomeController#greeting()

Async:
    Async started = false
     Async result = null

Resolved Exception:
             Type = null

ModelAndView:
        View name = null
             View = null
            Model = null

FlashMap:
       Attributes = null

MockHttpServletResponse:
           Status = 200
    Error message = null
          Headers = [Content-Type:"text/plain;charset=UTF-8", Content-Length:"13"]
     Content type = text/plain;charset=UTF-8
             Body = Hello, World!
    Forwarded URL = null
   Redirected URL = null
          Cookies = []

MockHttpServletRequest:
      HTTP Method = GET
      Request URI = /joaopedro
       Parameters = {}
          Headers = []
             Body = null
    Session Attrs = {}

Handler:
             Type = com.example.WebApp.HomeController
           Method = com.example.WebApp.HomeController#greetingjp()

Async:
    Async started = false
     Async result = null

Resolved Exception:
             Type = null

ModelAndView:
        View name = null
             View = null
            Model = null

FlashMap:
       Attributes = null

MockHttpServletResponse:
           Status = 200
    Error message = null
          Headers = [Content-Type:"text/plain;charset=UTF-8", Content-Length:"18"]
     Content type = text/plain;charset=UTF-8
             Body = Hello, João Pedr!
    Forwarded URL = null
   Redirected URL = null
          Cookies = []

MockHttpServletRequest:
      HTTP Method = GET
      Request URI = /joaopedro
       Parameters = {}
          Headers = []
             Body = null
    Session Attrs = {}

Handler:
             Type = com.example.WebApp.HomeController
           Method = com.example.WebApp.HomeController#greetingjp()

Async:
    Async started = false
     Async result = null

Resolved Exception:
             Type = null

ModelAndView:
        View name = null
             View = null
            Model = null

FlashMap:
       Attributes = null

MockHttpServletResponse:
           Status = 200
    Error message = null
          Headers = [Content-Type:"text/plain;charset=UTF-8", Content-Length:"18"]
     Content type = text/plain;charset=UTF-8
             Body = Hello, João Pedr!
    Forwarded URL = null
   Redirected URL = null
          Cookies = []
]]></system-out>
  <system-err><![CDATA[Mockito is currently self-attaching to enable the inline-mock-maker. This will no longer work in future releases of the JDK. Please add Mockito as an agent to your build as described in Mockito's documentation: https://javadoc.io/doc/org.mockito/mockito-core/latest/org.mockito/org/mockito/Mockito.html#0.3
WARNING: A Java agent has been loaded dynamically (C:\Users\ALUNO\.gradle\caches\modules-2\files-2.1\net.bytebuddy\byte-buddy-agent\1.17.7\fbf3d6d649ed37fc9e9c59480a05be0a26e3c2da\byte-buddy-agent-1.17.7.jar)
WARNING: If a serviceability tool is in use, please run with -XX:+EnableDynamicAgentLoading to hide this warning
WARNING: If a serviceability tool is not in use, please run with -Djdk.instrument.traceUsage for more information
WARNING: Dynamic loading of agents will be disallowed by default in a future release
]]></system-err>
</testsuite>
